::1 - - [23/Jul/2025 14:45:19] "GET / HTTP/1.1" 200 -
::1 - - [23/Jul/2025 14:45:19] "GET /script.js HTTP/1.1" 200 -
::1 - - [23/Jul/2025 14:45:19] "GET /style.css HTTP/1.1" 200 -
::1 - - [23/Jul/2025 14:45:20] code 404, message File not found
::1 - - [23/Jul/2025 14:45:20] "GET /favicon.ico HTTP/1.1" 404 -
::1 - - [23/Jul/2025 14:48:34] "GET / HTTP/1.1" 304 -
::1 - - [23/Jul/2025 14:48:34] "GET /script.js HTTP/1.1" 200 -
::1 - - [23/Jul/2025 17:06:00] "GET / HTTP/1.1" 200 -
::1 - - [23/Jul/2025 17:06:00] "GET /style.css HTTP/1.1" 200 -
::1 - - [23/Jul/2025 17:06:00] "GET /script.js HTTP/1.1" 200 -
::1 - - [23/Jul/2025 17:06:01] code 404, message File not found
::1 - - [23/Jul/2025 17:06:01] "GET /favicon.ico HTTP/1.1" 404 -
::1 - - [23/Jul/2025 17:07:36] "GET / HTTP/1.1" 304 -
::1 - - [23/Jul/2025 17:07:36] "GET /script.js HTTP/1.1" 200 -
::1 - - [23/Jul/2025 17:15:18] "GET / HTTP/1.1" 304 -
::1 - - [23/Jul/2025 17:15:18] "GET /style.css HTTP/1.1" 200 -
::1 - - [23/Jul/2025 17:15:18] "GET /script.js HTTP/1.1" 200 -
::1 - - [23/Jul/2025 17:20:19] "GET / HTTP/1.1" 304 -
::1 - - [23/Jul/2025 17:20:19] "GET /style.css HTTP/1.1" 304 -
::1 - - [23/Jul/2025 17:20:19] "GET /script.js HTTP/1.1" 200 -
